============================= test session starts ==============================
platform darwin -- Python 3.14.7, pytest-9.1.1, pluggy-1.6.0 -- /venv/bin/python
rootdir: /workspace
collecting ... collected 5 items / 4 errors

tests/test_setup_error.py::test_AC_STORY_01_02_8_uses_fixture ERROR      [ 20%]
tests/test_tautology.py::test_AC_STORY_01_02_4_tautology PASSED          [ 40%]
tests/test_tautology.py::test_AC_STORY_01_02_5_fails_on_behaviour FAILED [ 60%]
tests/test_tautology.py::test_AC_STORY_01_02_6_dep_in_body FAILED        [ 80%]
tests/test_tautology.py::test_AC_STORY_01_02_7_skipped SKIPPED (not ...) [100%]

==================================== ERRORS ====================================
_________________ ERROR collecting tests/test_story_module.py __________________
ImportError while importing test module '/workspace/tests/test_story_module.py'.
Hint: make sure your test modules/packages have valid Python names.
Traceback:
/usr/local/lib/python3.14/importlib/__init__.py:88: in import_module
    return _bootstrap._gcd_import(name[level:], package, level)
           ^^^^^^^^^^^^^^^^^^^^^^^^^^^^^^^^^^^^^^^^^^^^^^^^^^^^
tests/test_story_module.py:1: in <module>
    from ledgerlock.store import Store          # ledgerlock/store.py: introduced by the story, absent at the parent
    ^^^^^^^^^^^^^^^^^^^^^^^^^^^^^^^^^^
E   ModuleNotFoundError: No module named 'ledgerlock.store'
_________________ ERROR collecting tests/test_story_symbol.py __________________
ImportError while importing test module '/workspace/tests/test_story_symbol.py'.
Hint: make sure your test modules/packages have valid Python names.
Traceback:
/usr/local/lib/python3.14/importlib/__init__.py:88: in import_module
    return _bootstrap._gcd_import(name[level:], package, level)
           ^^^^^^^^^^^^^^^^^^^^^^^^^^^^^^^^^^^^^^^^^^^^^^^^^^^^
tests/test_story_symbol.py:1: in <module>
    from ledgerlock import normalize_key        # a symbol the story adds to an existing module
    ^^^^^^^^^^^^^^^^^^^^^^^^^^^^^^^^^^^^
E   ImportError: cannot import name 'normalize_key' from 'ledgerlock' (/workspace/ledgerlock/__init__.py)
____________________ ERROR collecting tests/test_syntax.py _____________________
/venv/lib/python3.14/site-packages/_pytest/python.py:508: in importtestmodule
    mod = import_path(
/venv/lib/python3.14/site-packages/_pytest/pathlib.py:596: in import_path
    importlib.import_module(module_name)
/usr/local/lib/python3.14/importlib/__init__.py:88: in import_module
    return _bootstrap._gcd_import(name[level:], package, level)
           ^^^^^^^^^^^^^^^^^^^^^^^^^^^^^^^^^^^^^^^^^^^^^^^^^^^^
<frozen importlib._bootstrap>:1406: in _gcd_import
    ???
<frozen importlib._bootstrap>:1371: in _find_and_load
    ???
<frozen importlib._bootstrap>:1342: in _find_and_load_unlocked
    ???
<frozen importlib._bootstrap>:938: in _load_unlocked
    ???
/venv/lib/python3.14/site-packages/_pytest/assertion/rewrite.py:179: in exec_module
    source_stat, co = _rewrite_test(fn, self.config)
                      ^^^^^^^^^^^^^^^^^^^^^^^^^^^^^^
/venv/lib/python3.14/site-packages/_pytest/assertion/rewrite.py:348: in _rewrite_test
    tree = ast.parse(source, filename=strfn)
           ^^^^^^^^^^^^^^^^^^^^^^^^^^^^^^^^^
/usr/local/lib/python3.14/ast.py:46: in parse
    return compile(source, filename, mode, flags,
E     File "/workspace/tests/test_syntax.py", line 1
E       def test_AC_STORY_01_02_9_syntax(:
E                                        ^
E   SyntaxError: invalid syntax
__________________ ERROR collecting tests/test_third_party.py __________________
ImportError while importing test module '/workspace/tests/test_third_party.py'.
Hint: make sure your test modules/packages have valid Python names.
Traceback:
/usr/local/lib/python3.14/importlib/__init__.py:88: in import_module
    return _bootstrap._gcd_import(name[level:], package, level)
           ^^^^^^^^^^^^^^^^^^^^^^^^^^^^^^^^^^^^^^^^^^^^^^^^^^^^
tests/test_third_party.py:1: in <module>
    import hypothesis                           # third-party, not installed
    ^^^^^^^^^^^^^^^^^
E   ModuleNotFoundError: No module named 'hypothesis'
_____________ ERROR at setup of test_AC_STORY_01_02_8_uses_fixture _____________

    @pytest.fixture
    def store():
>       from ledgerlock.store import Store
E       ModuleNotFoundError: No module named 'ledgerlock.store'

tests/conftest.py:6: ModuleNotFoundError
=================================== FAILURES ===================================
___________________ test_AC_STORY_01_02_5_fails_on_behaviour ___________________

    def test_AC_STORY_01_02_5_fails_on_behaviour():
        import ledgerlock
>       assert getattr(ledgerlock, "VERSION") == "1"
E       AssertionError: assert '0' == '1'
E         
E         - 1
E         + 0

tests/test_tautology.py:7: AssertionError
______________________ test_AC_STORY_01_02_6_dep_in_body _______________________

    def test_AC_STORY_01_02_6_dep_in_body():
>       import yaml                             # third-party, imported inside the body
        ^^^^^^^^^^^
E       ModuleNotFoundError: No module named 'yaml'

tests/test_tautology.py:11: ModuleNotFoundError
=========================== short test summary info ============================
FAILED tests/test_tautology.py::test_AC_STORY_01_02_5_fails_on_behaviour - As...
FAILED tests/test_tautology.py::test_AC_STORY_01_02_6_dep_in_body - ModuleNot...
ERROR tests/test_story_module.py
ERROR tests/test_story_symbol.py
ERROR tests/test_syntax.py
ERROR tests/test_third_party.py
ERROR tests/test_setup_error.py::test_AC_STORY_01_02_8_uses_fixture - ModuleN...
=============== 2 failed, 1 passed, 1 skipped, 5 errors in 0.07s ===============
