============================= test session starts ==============================
platform darwin -- Python 3.14.7, pytest-9.1.1, pluggy-1.6.0 -- /venv/bin/python
rootdir: /workspace
collecting ... collected 5 items / 4 errors

==================================== ERRORS ====================================
_________________ ERROR collecting tests/test_story_module.py __________________
ImportError while importing test module '/workspace/tests/test_story_module.py'.
Hint: make sure your test modules/packages have valid Python names.
Traceback:
/usr/local/lib/python3.14/importlib/__init__.py:88: in import_module
    return _bootstrap._gcd_import(name[level:], package, level)
           ^^^^^^^^^^^^^^^^^^^^^^^^^^^^^^^^^^^^^^^^^^^^^^^^^^^^
tests/test_story_module.py:1: in <module>
    from ledgerlock.store import Store          # ledgerlock/store.py: introduced by the story, absent at the parent
    ^^^^^^^^^^^^^^^^^^^^^^^^^^^^^^^^^^
E   ModuleNotFoundError: No module named 'ledgerlock.store'
_________________ ERROR collecting tests/test_story_symbol.py __________________
ImportError while importing test module '/workspace/tests/test_story_symbol.py'.
Hint: make sure your test modules/packages have valid Python names.
Traceback:
/usr/local/lib/python3.14/importlib/__init__.py:88: in import_module
    return _bootstrap._gcd_import(name[level:], package, level)
           ^^^^^^^^^^^^^^^^^^^^^^^^^^^^^^^^^^^^^^^^^^^^^^^^^^^^
tests/test_story_symbol.py:1: in <module>
    from ledgerlock import normalize_key        # a symbol the story adds to an existing module
    ^^^^^^^^^^^^^^^^^^^^^^^^^^^^^^^^^^^^
E   ImportError: cannot import name 'normalize_key' from 'ledgerlock' (/workspace/ledgerlock/__init__.py)
____________________ ERROR collecting tests/test_syntax.py _____________________
/venv/lib/python3.14/site-packages/_pytest/python.py:508: in importtestmodule
    mod = import_path(
/venv/lib/python3.14/site-packages/_pytest/pathlib.py:596: in import_path
    importlib.import_module(module_name)
/usr/local/lib/python3.14/importlib/__init__.py:88: in import_module
    return _bootstrap._gcd_import(name[level:], package, level)
           ^^^^^^^^^^^^^^^^^^^^^^^^^^^^^^^^^^^^^^^^^^^^^^^^^^^^
<frozen importlib._bootstrap>:1406: in _gcd_import
    ???
<frozen importlib._bootstrap>:1371: in _find_and_load
    ???
<frozen importlib._bootstrap>:1342: in _find_and_load_unlocked
    ???
<frozen importlib._bootstrap>:938: in _load_unlocked
    ???
/venv/lib/python3.14/site-packages/_pytest/assertion/rewrite.py:179: in exec_module
    source_stat, co = _rewrite_test(fn, self.config)
                      ^^^^^^^^^^^^^^^^^^^^^^^^^^^^^^
/venv/lib/python3.14/site-packages/_pytest/assertion/rewrite.py:348: in _rewrite_test
    tree = ast.parse(source, filename=strfn)
           ^^^^^^^^^^^^^^^^^^^^^^^^^^^^^^^^^
/usr/local/lib/python3.14/ast.py:46: in parse
    return compile(source, filename, mode, flags,
E     File "/workspace/tests/test_syntax.py", line 1
E       def test_AC_STORY_01_02_9_syntax(:
E                                        ^
E   SyntaxError: invalid syntax
__________________ ERROR collecting tests/test_third_party.py __________________
ImportError while importing test module '/workspace/tests/test_third_party.py'.
Hint: make sure your test modules/packages have valid Python names.
Traceback:
/usr/local/lib/python3.14/importlib/__init__.py:88: in import_module
    return _bootstrap._gcd_import(name[level:], package, level)
           ^^^^^^^^^^^^^^^^^^^^^^^^^^^^^^^^^^^^^^^^^^^^^^^^^^^^
tests/test_third_party.py:1: in <module>
    import hypothesis                           # third-party, not installed
    ^^^^^^^^^^^^^^^^^
E   ModuleNotFoundError: No module named 'hypothesis'
=========================== short test summary info ============================
ERROR tests/test_story_module.py
ERROR tests/test_story_symbol.py
ERROR tests/test_syntax.py
ERROR tests/test_third_party.py
!!!!!!!!!!!!!!!!!!! Interrupted: 4 errors during collection !!!!!!!!!!!!!!!!!!!!
============================== 4 errors in 0.11s ===============================
