============================= test session starts ==============================
platform darwin -- Python 3.13.12, pytest-9.1.1, pluggy-1.6.0 -- /Users/nghinh/Downloads/projects/bread/.venv/bin/python
rootdir: /w
plugins: anyio-4.11.0
collecting ... collected 4 items

test_ac.py::test_AC_STORY_01_01_1_chuoi_rong PASSED                      [ 25%]
test_ac.py::test_AC_STORY_01_01_2_dao_tu PASSED                          [ 50%]
test_ac.py::TestNhom::test_AC_STORY_01_01_3_that_bai FAILED              [ 75%]
test_ac.py::TestNhom::test_bo_qua SKIPPED (chưa làm)                     [100%]

=================================== FAILURES ===================================
___________________ TestNhom.test_AC_STORY_01_01_3_that_bai ____________________

self = <test_ac.TestNhom object at 0x1093eb750>

>   def test_AC_STORY_01_01_3_that_bai(self): assert 1 == 2
                                              ^^^^^^^^^^^^^
E   assert 1 == 2

test_ac.py:5: AssertionError
=========================== short test summary info ============================
FAILED test_ac.py::TestNhom::test_AC_STORY_01_01_3_that_bai - assert 1 == 2
==================== 1 failed, 2 passed, 1 skipped in 0.02s ====================
