============================= test session starts ==============================
platform darwin -- Python 3.14.7, pytest-9.1.1, pluggy-1.6.0 -- /Users/nghinh/Downloads/projects/aisef-freeze/oracle-venv/bin/python
rootdir: /private/tmp/claude-501/-Users-nghinh-Downloads-projects-ai-sdlc/845c9f11-719f-4f92-a0ed-4f4a07d6e27b/scratchpad/reproB
collecting ... collected 1 item / 1 error

==================================== ERRORS ====================================
_______________________ ERROR collecting tests/test_a.py _______________________
ImportError while importing test module '/private/tmp/claude-501/-Users-nghinh-Downloads-projects-ai-sdlc/845c9f11-719f-4f92-a0ed-4f4a07d6e27b/scratchpad/reproB/tests/test_a.py'.
Hint: make sure your test modules/packages have valid Python names.
Traceback:
/opt/homebrew/Cellar/python@3.14/3.14.7/Frameworks/Python.framework/Versions/3.14/lib/python3.14/importlib/__init__.py:88: in import_module
    return _bootstrap._gcd_import(name[level:], package, level)
           ^^^^^^^^^^^^^^^^^^^^^^^^^^^^^^^^^^^^^^^^^^^^^^^^^^^^
tests/test_a.py:1: in <module>
    from ledgerlock import normalize_key          # the story's own package: absent at the parent SHA
    ^^^^^^^^^^^^^^^^^^^^^^^^^^^^^^^^^^^^
E   ModuleNotFoundError: No module named 'ledgerlock'
=========================== short test summary info ============================
ERROR tests/test_a.py
!!!!!!!!!!!!!!!!!!!! Interrupted: 1 error during collection !!!!!!!!!!!!!!!!!!!!
=============================== 1 error in 0.07s ===============================
